<?xml version="1.0" encoding="UTF-8"?>
<!-- Generated by org.testng.reporters.JUnitReportReporter -->
<testsuite hostname="MacBook-Air-Katya.local" name="LessonsSe.LoginTest" tests="1" failures="0" timestamp="15 May 2016 13:59:07 GMT" time="6.452" errors="0">
  <testcase name="testLogin" time="6.452" classname="LessonsSe.LoginTest"/>
</testsuite> <!-- LessonsSe.LoginTest -->
