<?xml version="1.0" encoding="UTF-8"?>
<!-- Generated by org.testng.reporters.JUnitReportReporter -->
<testsuite hostname="MacBook-Air-Katya.local" name="LessonsSe.Login2Test" tests="1" failures="0" timestamp="15 May 2016 13:59:41 GMT" time="6.788" errors="0">
  <testcase name="testLogin2" time="6.788" classname="LessonsSe.Login2Test"/>
</testsuite> <!-- LessonsSe.Login2Test -->
